0 info it worked if it ends with ok
1 verbose cli [ '/home/hao/.nvm/versions/node/v7.10.1/bin/node',
1 verbose cli   '/home/hao/.nvm/versions/node/v7.10.1/bin/npm',
1 verbose cli   'run',
1 verbose cli   'test',
1 verbose cli   '--no-cache' ]
2 info using npm@4.2.0
3 info using node@v7.10.1
4 verbose run-script [ 'pretest', 'test', 'posttest' ]
5 info lifecycle unsolicited-advice@1.0.0~pretest: unsolicited-advice@1.0.0
6 silly lifecycle unsolicited-advice@1.0.0~pretest: no script for pretest, continuing
7 info lifecycle unsolicited-advice@1.0.0~test: unsolicited-advice@1.0.0
8 verbose lifecycle unsolicited-advice@1.0.0~test: unsafe-perm in lifecycle true
9 verbose lifecycle unsolicited-advice@1.0.0~test: PATH: /home/hao/.nvm/versions/node/v7.10.1/lib/node_modules/npm/bin/node-gyp-bin:/home/hao/dev/unsolicited-advice/node_modules/.bin:/home/hao/.nvm/versions/node/v7.10.1/bin:/usr/lib/hardening-wrapper/bin:/usr/local/sbin:/usr/local/bin:/usr/bin:/opt/android-ndk:/opt/android-sdk/platform-tools:/opt/android-sdk/tools:/opt/android-sdk/tools/bin:/opt/cxoffice/bin:/usr/lib/jvm/default/bin:/usr/bin/site_perl:/usr/bin/vendor_perl:/usr/bin/core_perl::
10 verbose lifecycle unsolicited-advice@1.0.0~test: CWD: /home/hao/dev/unsolicited-advice
11 silly lifecycle unsolicited-advice@1.0.0~test: Args: [ '-c', 'jest --no-cache --watch' ]
12 silly lifecycle unsolicited-advice@1.0.0~test: Returned: code: 1  signal: null
13 info lifecycle unsolicited-advice@1.0.0~test: Failed to exec test script
14 verbose stack Error: unsolicited-advice@1.0.0 test: `jest --no-cache --watch`
14 verbose stack Exit status 1
14 verbose stack     at EventEmitter.<anonymous> (/home/hao/.nvm/versions/node/v7.10.1/lib/node_modules/npm/lib/utils/lifecycle.js:279:16)
14 verbose stack     at emitTwo (events.js:106:13)
14 verbose stack     at EventEmitter.emit (events.js:194:7)
14 verbose stack     at ChildProcess.<anonymous> (/home/hao/.nvm/versions/node/v7.10.1/lib/node_modules/npm/lib/utils/spawn.js:40:14)
14 verbose stack     at emitTwo (events.js:106:13)
14 verbose stack     at ChildProcess.emit (events.js:194:7)
14 verbose stack     at maybeClose (internal/child_process.js:899:16)
14 verbose stack     at Process.ChildProcess._handle.onexit (internal/child_process.js:226:5)
15 verbose pkgid unsolicited-advice@1.0.0
16 verbose cwd /home/hao/dev/unsolicited-advice
17 error Linux 4.12.3-1-ARCH
18 error argv "/home/hao/.nvm/versions/node/v7.10.1/bin/node" "/home/hao/.nvm/versions/node/v7.10.1/bin/npm" "run" "test" "--no-cache"
19 error node v7.10.1
20 error npm  v4.2.0
21 error code ELIFECYCLE
22 error errno 1
23 error unsolicited-advice@1.0.0 test: `jest --no-cache --watch`
23 error Exit status 1
24 error Failed at the unsolicited-advice@1.0.0 test script 'jest --no-cache --watch'.
24 error Make sure you have the latest version of node.js and npm installed.
24 error If you do, this is most likely a problem with the unsolicited-advice package,
24 error not with npm itself.
24 error Tell the author that this fails on your system:
24 error     jest --no-cache --watch
24 error You can get information on how to open an issue for this project with:
24 error     npm bugs unsolicited-advice
24 error Or if that isn't available, you can get their info via:
24 error     npm owner ls unsolicited-advice
24 error There is likely additional logging output above.
25 verbose exit [ 1, true ]
